#
# There is insufficient memory for the Java Runtime Environment to continue.
# Native memory allocation (mmap) failed to map 65536 bytes for Failed to commit metaspace.
# Possible reasons:
#   The system is out of physical RAM or swap space
#   The process is running with CompressedOops enabled, and the Java Heap may be blocking the growth of the native heap
# Possible solutions:
#   Reduce memory load on the system
#   Increase physical memory or swap space
#   Check if swap backing store is full
#   Decrease Java heap size (-Xmx/-Xms)
#   Decrease number of Java threads
#   Decrease Java thread stack sizes (-Xss)
#   Set larger code cache with -XX:ReservedCodeCacheSize=
#   JVM is running with Unscaled Compressed Oops mode in which the Java heap is
#     placed in the first 4GB address space. The Java Heap base address is the
#     maximum limit for the native heap growth. Please use -XX:HeapBaseMinAddress
#     to set the Java Heap base and to place the Java Heap above 4GB virtual address.
# This output file may be truncated or incomplete.
#
#  Out of Memory Error (virtualSpaceNode.cpp:108), pid=10308, tid=7592
#
# JRE version: Java(TM) SE Runtime Environment (16.0.1+9) (build 16.0.1+9-24)
# Java VM: Java HotSpot(TM) 64-Bit Server VM (16.0.1+9-24, mixed mode, sharing, tiered, compressed oops, compressed class ptrs, g1 gc, windows-amd64)
# No core dump will be written. Minidumps are not enabled by default on client versions of Windows
#

---------------  S U M M A R Y ------------

Command Line: -XX:TieredStopAtLevel=1 -Xverify:none -Dspring.output.ansi.enabled=always -javaagent:D:\JetBrains\IntelliJ IDEA 2021.1.2\lib\idea_rt.jar=55168:D:\JetBrains\IntelliJ IDEA 2021.1.2\bin -Dcom.sun.management.jmxremote -Dspring.jmx.enabled=true -Dspring.liveBeansView.mbeanDomain -Dspring.application.admin.enabled=true -Dfile.encoding=UTF-8 com.example.projectmrsisa.ProjectMrsIsaApplication

Host: AMD Ryzen 5 2500U with Radeon Vega Mobile Gfx  , 8 cores, 6G,  Windows 10 , 64 bit Build 19041 (10.0.19041.1645)
Time: Sat Apr 23 18:07:18 2022 Central Europe Summer Time elapsed time: 0.459653 seconds (0d 0h 0m 0s)

---------------  T H R E A D  ---------------

Current thread (0x00000273da2cc580):  JavaThread "main" [_thread_in_vm, id=7592, stack(0x000000b1cd500000,0x000000b1cd600000)]

Stack: [0x000000b1cd500000,0x000000b1cd600000]
Native frames: (J=compiled Java code, j=interpreted, Vv=VM code, C=native code)
V  [jvm.dll+0x6687ca]
V  [jvm.dll+0x7ca3c9]
V  [jvm.dll+0x7cbb53]
V  [jvm.dll+0x7cc1b3]
V  [jvm.dll+0x242ea5]
V  [jvm.dll+0x7c6a4b]
V  [jvm.dll+0x60e436]
V  [jvm.dll+0x60e49a]
V  [jvm.dll+0x610aca]
V  [jvm.dll+0x60ed31]
V  [jvm.dll+0x362f4a]
V  [jvm.dll+0x1e113f]
V  [jvm.dll+0x536752]
V  [jvm.dll+0x1f0fa2]
V  [jvm.dll+0x741e03]
V  [jvm.dll+0x7436a8]
V  [jvm.dll+0x7439d3]
V  [jvm.dll+0x23ad74]
V  [jvm.dll+0x23b012]
V  [jvm.dll+0x552398]
V  [jvm.dll+0x5551e0]
V  [jvm.dll+0x379fde]
V  [jvm.dll+0x37961f]
C  0x00000273e1a5b142

Java frames: (J=compiled Java code, j=interpreted, Vv=VM code)
j  java.net.InetAddress$NameServiceAddresses.get()[Ljava/net/InetAddress;+47 java.base@16.0.1
j  java.net.InetAddress.getAllByName0(Ljava/lang/String;Ljava/net/InetAddress;ZZ)[Ljava/net/InetAddress;+207 java.base@16.0.1
j  java.net.InetAddress.getAllByName(Ljava/lang/String;Ljava/net/InetAddress;)[Ljava/net/InetAddress;+384 java.base@16.0.1
j  java.net.InetAddress.getAllByName(Ljava/lang/String;)[Ljava/net/InetAddress;+2 java.base@16.0.1
j  java.net.InetAddress.getByName(Ljava/lang/String;)Ljava/net/InetAddress;+1 java.base@16.0.1
j  sun.management.jmxremote.ConnectorBootstrap.startLocalConnectorServer()Ljavax/management/remote/JMXConnectorServer;+60 jdk.management.agent@16.0.1
j  jdk.internal.agent.Agent.startLocalManagementAgent()V+13 jdk.management.agent@16.0.1
j  jdk.internal.agent.Agent.startAgent(Ljava/util/Properties;)V+58 jdk.management.agent@16.0.1
j  jdk.internal.agent.Agent.startAgent()V+20 jdk.management.agent@16.0.1
v  ~StubRoutines::call_stub

---------------  P R O C E S S  ---------------

Threads class SMR info:
_java_thread_list=0x00000273f84af6e0, length=12, elements={
0x00000273da2cc580, 0x00000273f79790f0, 0x00000273f7979c00, 0x00000273f79865b0,
0x00000273f7988ed0, 0x00000273f79897e0, 0x00000273f798f600, 0x00000273f7991f20,
0x00000273f799a880, 0x00000273f7957f40, 0x00000273f877c4d0, 0x00000273f877ee70
}

Java Threads: ( => current thread )
=>0x00000273da2cc580 JavaThread "main" [_thread_in_vm, id=7592, stack(0x000000b1cd500000,0x000000b1cd600000)]
  0x00000273f79790f0 JavaThread "Reference Handler" daemon [_thread_blocked, id=2208, stack(0x000000b1cdc00000,0x000000b1cdd00000)]
  0x00000273f7979c00 JavaThread "Finalizer" daemon [_thread_blocked, id=920, stack(0x000000b1cdd00000,0x000000b1cde00000)]
  0x00000273f79865b0 JavaThread "Signal Dispatcher" daemon [_thread_blocked, id=9860, stack(0x000000b1cde00000,0x000000b1cdf00000)]
  0x00000273f7988ed0 JavaThread "Attach Listener" daemon [_thread_blocked, id=7888, stack(0x000000b1cdf00000,0x000000b1ce000000)]
  0x00000273f79897e0 JavaThread "Service Thread" daemon [_thread_blocked, id=6608, stack(0x000000b1ce000000,0x000000b1ce100000)]
  0x00000273f798f600 JavaThread "Monitor Deflation Thread" daemon [_thread_blocked, id=10380, stack(0x000000b1ce100000,0x000000b1ce200000)]
  0x00000273f7991f20 JavaThread "C1 CompilerThread0" daemon [_thread_blocked, id=3112, stack(0x000000b1ce200000,0x000000b1ce300000)]
  0x00000273f799a880 JavaThread "Sweeper thread" daemon [_thread_blocked, id=832, stack(0x000000b1ce300000,0x000000b1ce400000)]
  0x00000273f7957f40 JavaThread "Common-Cleaner" daemon [_thread_blocked, id=4404, stack(0x000000b1ce400000,0x000000b1ce500000)]
  0x00000273f877c4d0 JavaThread "Monitor Ctrl-Break" daemon [_thread_in_native, id=8792, stack(0x000000b1ce500000,0x000000b1ce600000)]
  0x00000273f877ee70 JavaThread "Notification Thread" daemon [_thread_blocked, id=10260, stack(0x000000b1ce600000,0x000000b1ce700000)]

Other Threads:
  0x00000273f7974920 VMThread "VM Thread" [stack: 0x000000b1cdb00000,0x000000b1cdc00000] [id=10604]
  0x00000273da306bf0 GCTaskThread "GC Thread#0" [stack: 0x000000b1cd600000,0x000000b1cd700000] [id=3492]
  0x00000273da315ab0 ConcurrentGCThread "G1 Main Marker" [stack: 0x000000b1cd700000,0x000000b1cd800000] [id=7256]
  0x00000273da316cc0 ConcurrentGCThread "G1 Conc#0" [stack: 0x000000b1cd800000,0x000000b1cd900000] [id=6796]
  0x00000273da38fea0 ConcurrentGCThread "G1 Refine#0" [stack: 0x000000b1cd900000,0x000000b1cda00000] [id=8476]
  0x00000273da3917d0 ConcurrentGCThread "G1 Service" [stack: 0x000000b1cda00000,0x000000b1cdb00000] [id=7572]

Threads with active compile tasks:

VM state: not at safepoint (normal execution)

VM Mutex/Monitor currently owned by a thread:  ([mutex/lock_event])
[0x00000273da2c6ba0] MetaspaceExpand_lock - owner thread: 0x00000273da2cc580

Heap address: 0x0000000090c00000, size: 1780 MB, Compressed Oops mode: 32-bit

CDS archive(s) mapped at: [0x0000000800000000-0x0000000800bb0000-0x0000000800bb0000), size 12255232, SharedBaseAddress: 0x0000000800000000, ArchiveRelocationMode: 0.
Compressed class space mapped at: 0x0000000800c00000-0x0000000840c00000, reserved size: 1073741824
Narrow klass base: 0x0000000800000000, Narrow klass shift: 3, Narrow klass range: 0x100000000

GC Precious Log:
 CPUs: 8 total, 8 available
 Memory: 7113M
 Large Page Support: Disabled
 NUMA Support: Disabled
 Compressed Oops: Enabled (32-bit)
 Heap Region Size: 1M
 Heap Min Capacity: 8M
 Heap Initial Capacity: 112M
 Heap Max Capacity: 1780M
 Pre-touch: Disabled
 Parallel Workers: 8
 Concurrent Workers: 2
 Concurrent Refinement Workers: 8
 Periodic GC: Disabled

Heap:
 garbage-first heap   total 114688K, used 6144K [0x0000000090c00000, 0x0000000100000000)
  region size 1024K, 7 young (7168K), 0 survivors (0K)
 Metaspace       used 813K, committed 960K, reserved 1056768K
  class space    used 68K, committed 128K, reserved 1048576K

Heap Regions: E=young(eden), S=young(survivor), O=old, HS=humongous(starts), HC=humongous(continues), CS=collection set, F=free, OA=open archive, CA=closed archive, TAMS=top-at-mark-start (previous, next)
|   0|0x0000000090c00000, 0x0000000090d00000, 0x0000000090d00000|100%|HS|  |TAMS 0x0000000090c00000, 0x0000000090c00000| Complete 
|   1|0x0000000090d00000, 0x0000000090d00000, 0x0000000090e00000|  0%| F|  |TAMS 0x0000000090d00000, 0x0000000090d00000| Untracked 
|   2|0x0000000090e00000, 0x0000000090e00000, 0x0000000090f00000|  0%| F|  |TAMS 0x0000000090e00000, 0x0000000090e00000| Untracked 
|   3|0x0000000090f00000, 0x0000000090f00000, 0x0000000091000000|  0%| F|  |TAMS 0x0000000090f00000, 0x0000000090f00000| Untracked 
|   4|0x0000000091000000, 0x0000000091000000, 0x0000000091100000|  0%| F|  |TAMS 0x0000000091000000, 0x0000000091000000| Untracked 
|   5|0x0000000091100000, 0x0000000091100000, 0x0000000091200000|  0%| F|  |TAMS 0x0000000091100000, 0x0000000091100000| Untracked 
|   6|0x0000000091200000, 0x0000000091200000, 0x0000000091300000|  0%| F|  |TAMS 0x0000000091200000, 0x0000000091200000| Untracked 
|   7|0x0000000091300000, 0x0000000091300000, 0x0000000091400000|  0%| F|  |TAMS 0x0000000091300000, 0x0000000091300000| Untracked 
|   8|0x0000000091400000, 0x0000000091400000, 0x0000000091500000|  0%| F|  |TAMS 0x0000000091400000, 0x0000000091400000| Untracked 
|   9|0x0000000091500000, 0x0000000091500000, 0x0000000091600000|  0%| F|  |TAMS 0x0000000091500000, 0x0000000091500000| Untracked 
|  10|0x0000000091600000, 0x0000000091600000, 0x0000000091700000|  0%| F|  |TAMS 0x0000000091600000, 0x0000000091600000| Untracked 
|  11|0x0000000091700000, 0x0000000091700000, 0x0000000091800000|  0%| F|  |TAMS 0x0000000091700000, 0x0000000091700000| Untracked 
|  12|0x0000000091800000, 0x0000000091800000, 0x0000000091900000|  0%| F|  |TAMS 0x0000000091800000, 0x0000000091800000| Untracked 
|  13|0x0000000091900000, 0x0000000091900000, 0x0000000091a00000|  0%| F|  |TAMS 0x0000000091900000, 0x0000000091900000| Untracked 
|  14|0x0000000091a00000, 0x0000000091a00000, 0x0000000091b00000|  0%| F|  |TAMS 0x0000000091a00000, 0x0000000091a00000| Untracked 
|  15|0x0000000091b00000, 0x0000000091b00000, 0x0000000091c00000|  0%| F|  |TAMS 0x0000000091b00000, 0x0000000091b00000| Untracked 
|  16|0x0000000091c00000, 0x0000000091c00000, 0x0000000091d00000|  0%| F|  |TAMS 0x0000000091c00000, 0x0000000091c00000| Untracked 
|  17|0x0000000091d00000, 0x0000000091d00000, 0x0000000091e00000|  0%| F|  |TAMS 0x0000000091d00000, 0x0000000091d00000| Untracked 
|  18|0x0000000091e00000, 0x0000000091e00000, 0x0000000091f00000|  0%| F|  |TAMS 0x0000000091e00000, 0x0000000091e00000| Untracked 
|  19|0x0000000091f00000, 0x0000000091f00000, 0x0000000092000000|  0%| F|  |TAMS 0x0000000091f00000, 0x0000000091f00000| Untracked 
|  20|0x0000000092000000, 0x0000000092000000, 0x0000000092100000|  0%| F|  |TAMS 0x0000000092000000, 0x0000000092000000| Untracked 
|  21|0x0000000092100000, 0x0000000092100000, 0x0000000092200000|  0%| F|  |TAMS 0x0000000092100000, 0x0000000092100000| Untracked 
|  22|0x0000000092200000, 0x0000000092200000, 0x0000000092300000|  0%| F|  |TAMS 0x0000000092200000, 0x0000000092200000| Untracked 
|  23|0x0000000092300000, 0x0000000092300000, 0x0000000092400000|  0%| F|  |TAMS 0x0000000092300000, 0x0000000092300000| Untracked 
|  24|0x0000000092400000, 0x0000000092400000, 0x0000000092500000|  0%| F|  |TAMS 0x0000000092400000, 0x0000000092400000| Untracked 
|  25|0x0000000092500000, 0x0000000092500000, 0x0000000092600000|  0%| F|  |TAMS 0x0000000092500000, 0x0000000092500000| Untracked 
|  26|0x0000000092600000, 0x0000000092600000, 0x0000000092700000|  0%| F|  |TAMS 0x0000000092600000, 0x0000000092600000| Untracked 
|  27|0x0000000092700000, 0x0000000092700000, 0x0000000092800000|  0%| F|  |TAMS 0x0000000092700000, 0x0000000092700000| Untracked 
|  28|0x0000000092800000, 0x0000000092800000, 0x0000000092900000|  0%| F|  |TAMS 0x0000000092800000, 0x0000000092800000| Untracked 
|  29|0x0000000092900000, 0x0000000092900000, 0x0000000092a00000|  0%| F|  |TAMS 0x0000000092900000, 0x0000000092900000| Untracked 
|  30|0x0000000092a00000, 0x0000000092a00000, 0x0000000092b00000|  0%| F|  |TAMS 0x0000000092a00000, 0x0000000092a00000| Untracked 
|  31|0x0000000092b00000, 0x0000000092b00000, 0x0000000092c00000|  0%| F|  |TAMS 0x0000000092b00000, 0x0000000092b00000| Untracked 
|  32|0x0000000092c00000, 0x0000000092c00000, 0x0000000092d00000|  0%| F|  |TAMS 0x0000000092c00000, 0x0000000092c00000| Untracked 
|  33|0x0000000092d00000, 0x0000000092d00000, 0x0000000092e00000|  0%| F|  |TAMS 0x0000000092d00000, 0x0000000092d00000| Untracked 
|  34|0x0000000092e00000, 0x0000000092e00000, 0x0000000092f00000|  0%| F|  |TAMS 0x0000000092e00000, 0x0000000092e00000| Untracked 
|  35|0x0000000092f00000, 0x0000000092f00000, 0x0000000093000000|  0%| F|  |TAMS 0x0000000092f00000, 0x0000000092f00000| Untracked 
|  36|0x0000000093000000, 0x0000000093000000, 0x0000000093100000|  0%| F|  |TAMS 0x0000000093000000, 0x0000000093000000| Untracked 
|  37|0x0000000093100000, 0x0000000093100000, 0x0000000093200000|  0%| F|  |TAMS 0x0000000093100000, 0x0000000093100000| Untracked 
|  38|0x0000000093200000, 0x0000000093200000, 0x0000000093300000|  0%| F|  |TAMS 0x0000000093200000, 0x0000000093200000| Untracked 
|  39|0x0000000093300000, 0x0000000093300000, 0x0000000093400000|  0%| F|  |TAMS 0x0000000093300000, 0x0000000093300000| Untracked 
|  40|0x0000000093400000, 0x0000000093400000, 0x0000000093500000|  0%| F|  |TAMS 0x0000000093400000, 0x0000000093400000| Untracked 
|  41|0x0000000093500000, 0x0000000093500000, 0x0000000093600000|  0%| F|  |TAMS 0x0000000093500000, 0x0000000093500000| Untracked 
|  42|0x0000000093600000, 0x0000000093600000, 0x0000000093700000|  0%| F|  |TAMS 0x0000000093600000, 0x0000000093600000| Untracked 
|  43|0x0000000093700000, 0x0000000093700000, 0x0000000093800000|  0%| F|  |TAMS 0x0000000093700000, 0x0000000093700000| Untracked 
|  44|0x0000000093800000, 0x0000000093800000, 0x0000000093900000|  0%| F|  |TAMS 0x0000000093800000, 0x0000000093800000| Untracked 
|  45|0x0000000093900000, 0x0000000093900000, 0x0000000093a00000|  0%| F|  |TAMS 0x0000000093900000, 0x0000000093900000| Untracked 
|  46|0x0000000093a00000, 0x0000000093a00000, 0x0000000093b00000|  0%| F|  |TAMS 0x0000000093a00000, 0x0000000093a00000| Untracked 
|  47|0x0000000093b00000, 0x0000000093b00000, 0x0000000093c00000|  0%| F|  |TAMS 0x0000000093b00000, 0x0000000093b00000| Untracked 
|  48|0x0000000093c00000, 0x0000000093c00000, 0x0000000093d00000|  0%| F|  |TAMS 0x0000000093c00000, 0x0000000093c00000| Untracked 
|  49|0x0000000093d00000, 0x0000000093d00000, 0x0000000093e00000|  0%| F|  |TAMS 0x0000000093d00000, 0x0000000093d00000| Untracked 
|  50|0x0000000093e00000, 0x0000000093e00000, 0x0000000093f00000|  0%| F|  |TAMS 0x0000000093e00000, 0x0000000093e00000| Untracked 
|  51|0x0000000093f00000, 0x0000000093f00000, 0x0000000094000000|  0%| F|  |TAMS 0x0000000093f00000, 0x0000000093f00000| Untracked 
|  52|0x0000000094000000, 0x0000000094000000, 0x0000000094100000|  0%| F|  |TAMS 0x0000000094000000, 0x0000000094000000| Untracked 
|  53|0x0000000094100000, 0x0000000094100000, 0x0000000094200000|  0%| F|  |TAMS 0x0000000094100000, 0x0000000094100000| Untracked 
|  54|0x0000000094200000, 0x0000000094200000, 0x0000000094300000|  0%| F|  |TAMS 0x0000000094200000, 0x0000000094200000| Untracked 
|  55|0x0000000094300000, 0x0000000094300000, 0x0000000094400000|  0%| F|  |TAMS 0x0000000094300000, 0x0000000094300000| Untracked 
|  56|0x0000000094400000, 0x0000000094400000, 0x0000000094500000|  0%| F|  |TAMS 0x0000000094400000, 0x0000000094400000| Untracked 
|  57|0x0000000094500000, 0x0000000094500000, 0x0000000094600000|  0%| F|  |TAMS 0x0000000094500000, 0x0000000094500000| Untracked 
|  58|0x0000000094600000, 0x0000000094600000, 0x0000000094700000|  0%| F|  |TAMS 0x0000000094600000, 0x0000000094600000| Untracked 
|  59|0x0000000094700000, 0x0000000094700000, 0x0000000094800000|  0%| F|  |TAMS 0x0000000094700000, 0x0000000094700000| Untracked 
|  60|0x0000000094800000, 0x0000000094800000, 0x0000000094900000|  0%| F|  |TAMS 0x0000000094800000, 0x0000000094800000| Untracked 
|  61|0x0000000094900000, 0x0000000094900000, 0x0000000094a00000|  0%| F|  |TAMS 0x0000000094900000, 0x0000000094900000| Untracked 
|  62|0x0000000094a00000, 0x0000000094a00000, 0x0000000094b00000|  0%| F|  |TAMS 0x0000000094a00000, 0x0000000094a00000| Untracked 
|  63|0x0000000094b00000, 0x0000000094b00000, 0x0000000094c00000|  0%| F|  |TAMS 0x0000000094b00000, 0x0000000094b00000| Untracked 
|  64|0x0000000094c00000, 0x0000000094c00000, 0x0000000094d00000|  0%| F|  |TAMS 0x0000000094c00000, 0x0000000094c00000| Untracked 
|  65|0x0000000094d00000, 0x0000000094d00000, 0x0000000094e00000|  0%| F|  |TAMS 0x0000000094d00000, 0x0000000094d00000| Untracked 
|  66|0x0000000094e00000, 0x0000000094e00000, 0x0000000094f00000|  0%| F|  |TAMS 0x0000000094e00000, 0x0000000094e00000| Untracked 
|  67|0x0000000094f00000, 0x0000000094f00000, 0x0000000095000000|  0%| F|  |TAMS 0x0000000094f00000, 0x0000000094f00000| Untracked 
|  68|0x0000000095000000, 0x0000000095000000, 0x0000000095100000|  0%| F|  |TAMS 0x0000000095000000, 0x0000000095000000| Untracked 
|  69|0x0000000095100000, 0x0000000095100000, 0x0000000095200000|  0%| F|  |TAMS 0x0000000095100000, 0x0000000095100000| Untracked 
|  70|0x0000000095200000, 0x0000000095200000, 0x0000000095300000|  0%| F|  |TAMS 0x0000000095200000, 0x0000000095200000| Untracked 
|  71|0x0000000095300000, 0x0000000095300000, 0x0000000095400000|  0%| F|  |TAMS 0x0000000095300000, 0x0000000095300000| Untracked 
|  72|0x0000000095400000, 0x0000000095400000, 0x0000000095500000|  0%| F|  |TAMS 0x0000000095400000, 0x0000000095400000| Untracked 
|  73|0x0000000095500000, 0x0000000095500000, 0x0000000095600000|  0%| F|  |TAMS 0x0000000095500000, 0x0000000095500000| Untracked 
|  74|0x0000000095600000, 0x0000000095600000, 0x0000000095700000|  0%| F|  |TAMS 0x0000000095600000, 0x0000000095600000| Untracked 
|  75|0x0000000095700000, 0x0000000095700000, 0x0000000095800000|  0%| F|  |TAMS 0x0000000095700000, 0x0000000095700000| Untracked 
|  76|0x0000000095800000, 0x0000000095800000, 0x0000000095900000|  0%| F|  |TAMS 0x0000000095800000, 0x0000000095800000| Untracked 
|  77|0x0000000095900000, 0x0000000095900000, 0x0000000095a00000|  0%| F|  |TAMS 0x0000000095900000, 0x0000000095900000| Untracked 
|  78|0x0000000095a00000, 0x0000000095a00000, 0x0000000095b00000|  0%| F|  |TAMS 0x0000000095a00000, 0x0000000095a00000| Untracked 
|  79|0x0000000095b00000, 0x0000000095b00000, 0x0000000095c00000|  0%| F|  |TAMS 0x0000000095b00000, 0x0000000095b00000| Untracked 
|  80|0x0000000095c00000, 0x0000000095c00000, 0x0000000095d00000|  0%| F|  |TAMS 0x0000000095c00000, 0x0000000095c00000| Untracked 
|  81|0x0000000095d00000, 0x0000000095d00000, 0x0000000095e00000|  0%| F|  |TAMS 0x0000000095d00000, 0x0000000095d00000| Untracked 
|  82|0x0000000095e00000, 0x0000000095e00000, 0x0000000095f00000|  0%| F|  |TAMS 0x0000000095e00000, 0x0000000095e00000| Untracked 
|  83|0x0000000095f00000, 0x0000000095f00000, 0x0000000096000000|  0%| F|  |TAMS 0x0000000095f00000, 0x0000000095f00000| Untracked 
|  84|0x0000000096000000, 0x0000000096000000, 0x0000000096100000|  0%| F|  |TAMS 0x0000000096000000, 0x0000000096000000| Untracked 
|  85|0x0000000096100000, 0x0000000096100000, 0x0000000096200000|  0%| F|  |TAMS 0x0000000096100000, 0x0000000096100000| Untracked 
|  86|0x0000000096200000, 0x0000000096200000, 0x0000000096300000|  0%| F|  |TAMS 0x0000000096200000, 0x0000000096200000| Untracked 
|  87|0x0000000096300000, 0x0000000096300000, 0x0000000096400000|  0%| F|  |TAMS 0x0000000096300000, 0x0000000096300000| Untracked 
|  88|0x0000000096400000, 0x0000000096400000, 0x0000000096500000|  0%| F|  |TAMS 0x0000000096400000, 0x0000000096400000| Untracked 
|  89|0x0000000096500000, 0x0000000096500000, 0x0000000096600000|  0%| F|  |TAMS 0x0000000096500000, 0x0000000096500000| Untracked 
|  90|0x0000000096600000, 0x0000000096600000, 0x0000000096700000|  0%| F|  |TAMS 0x0000000096600000, 0x0000000096600000| Untracked 
|  91|0x0000000096700000, 0x0000000096700000, 0x0000000096800000|  0%| F|  |TAMS 0x0000000096700000, 0x0000000096700000| Untracked 
|  92|0x0000000096800000, 0x0000000096800000, 0x0000000096900000|  0%| F|  |TAMS 0x0000000096800000, 0x0000000096800000| Untracked 
|  93|0x0000000096900000, 0x0000000096900000, 0x0000000096a00000|  0%| F|  |TAMS 0x0000000096900000, 0x0000000096900000| Untracked 
|  94|0x0000000096a00000, 0x0000000096a00000, 0x0000000096b00000|  0%| F|  |TAMS 0x0000000096a00000, 0x0000000096a00000| Untracked 
|  95|0x0000000096b00000, 0x0000000096b00000, 0x0000000096c00000|  0%| F|  |TAMS 0x0000000096b00000, 0x0000000096b00000| Untracked 
|  96|0x0000000096c00000, 0x0000000096c00000, 0x0000000096d00000|  0%| F|  |TAMS 0x0000000096c00000, 0x0000000096c00000| Untracked 
|  97|0x0000000096d00000, 0x0000000096d00000, 0x0000000096e00000|  0%| F|  |TAMS 0x0000000096d00000, 0x0000000096d00000| Untracked 
|  98|0x0000000096e00000, 0x0000000096e00000, 0x0000000096f00000|  0%| F|  |TAMS 0x0000000096e00000, 0x0000000096e00000| Untracked 
|  99|0x0000000096f00000, 0x0000000096f00000, 0x0000000097000000|  0%| F|  |TAMS 0x0000000096f00000, 0x0000000096f00000| Untracked 
| 100|0x0000000097000000, 0x0000000097000000, 0x0000000097100000|  0%| F|  |TAMS 0x0000000097000000, 0x0000000097000000| Untracked 
| 101|0x0000000097100000, 0x0000000097100000, 0x0000000097200000|  0%| F|  |TAMS 0x0000000097100000, 0x0000000097100000| Untracked 
| 102|0x0000000097200000, 0x0000000097200000, 0x0000000097300000|  0%| F|  |TAMS 0x0000000097200000, 0x0000000097200000| Untracked 
| 103|0x0000000097300000, 0x0000000097300000, 0x0000000097400000|  0%| F|  |TAMS 0x0000000097300000, 0x0000000097300000| Untracked 
| 104|0x0000000097400000, 0x0000000097400000, 0x0000000097500000|  0%| F|  |TAMS 0x0000000097400000, 0x0000000097400000| Untracked 
| 105|0x0000000097500000, 0x0000000097600000, 0x0000000097600000|100%| E|  |TAMS 0x0000000097500000, 0x0000000097500000| Complete 
| 106|0x0000000097600000, 0x0000000097700000, 0x0000000097700000|100%| E|CS|TAMS 0x0000000097600000, 0x0000000097600000| Complete 
| 107|0x0000000097700000, 0x0000000097800000, 0x0000000097800000|100%| E|CS|TAMS 0x0000000097700000, 0x0000000097700000| Complete 
| 108|0x0000000097800000, 0x0000000097900000, 0x0000000097900000|100%| E|  |TAMS 0x0000000097800000, 0x0000000097800000| Complete 
| 109|0x0000000097900000, 0x0000000097a00000, 0x0000000097a00000|100%| E|CS|TAMS 0x0000000097900000, 0x0000000097900000| Complete 
| 110|0x0000000097a00000, 0x0000000097b00000, 0x0000000097b00000|100%| E|CS|TAMS 0x0000000097a00000, 0x0000000097a00000| Complete 
| 111|0x0000000097b00000, 0x0000000097c00000, 0x0000000097c00000|100%| E|CS|TAMS 0x0000000097b00000, 0x0000000097b00000| Complete 

Card table byte_map: [0x00000273f1100000,0x00000273f1480000] _byte_map_base: 0x00000273f0c7a000

Marking Bits (Prev, Next): (CMBitMap*) 0x00000273da307260, (CMBitMap*) 0x00000273da3072a0
 Prev Bits: [0x00000273f1800000, 0x00000273f33d0000)
 Next Bits: [0x00000273f33d0000, 0x00000273f4fa0000)

Polling page: 0x00000273d8230000

Metaspace:

Usage:
  Non-class:    745.40 KB used.
      Class:     68.20 KB used.
       Both:    813.59 KB used.

Virtual space:
  Non-class space:        8.00 MB reserved,     832.00 KB ( 10%) committed,  1 nodes.
      Class space:        1.00 GB reserved,     128.00 KB ( <1%) committed,  1 nodes.
              Both:        1.01 GB reserved,     960.00 KB ( <1%) committed. 

Chunk freelists:
   Non-Class:  3.98 MB
       Class:  3.74 MB
        Both:  7.72 MB

MaxMetaspaceSize: 17179869184.00 GB
CompressedClassSpaceSize: 1.00 GB
 - commit_granule_bytes: 65536.
 - commit_granule_words: 8192.
 - virtual_space_node_default_size: 1048576.
 - enlarge_chunks_in_place: 1.
 - new_chunks_are_fully_committed: 0.
 - uncommit_free_chunks: 1.
 - use_allocation_guard: 0.
 - handle_deallocations: 1.


Internal statistics:

num_allocs_failed_limit: 0.
num_arena_births: 16.
num_arena_deaths: 0.
num_vsnodes_births: 2.
num_vsnodes_deaths: 0.
num_space_committed: 15.
num_space_uncommitted: 0.
num_chunks_returned_to_freelist: 0.
num_chunks_taken_from_freelist: 19.
num_chunk_merges: 0.
num_chunk_splits: 11.
num_chunks_enlarged: 6.
num_purges: 0.

CodeHeap 'non-profiled nmethods': size=238336Kb used=410Kb max_used=410Kb free=237926Kb
 bounds [0x00000273e2180000, 0x00000273e23f0000, 0x00000273f0a40000]
CodeHeap 'non-nmethods': size=7424Kb used=1120Kb max_used=1120Kb free=6303Kb
 bounds [0x00000273e1a40000, 0x00000273e1cb0000, 0x00000273e2180000]
 total_blobs=745 nmethods=347 adapters=326
 compilation: enabled
              stopped_count=0, restarted_count=0
 full_count=0

Compilation events (20 events):
Event: 0.434 Thread 0x00000273f7991f20  337       1       jdk.internal.org.objectweb.asm.SymbolTable::put (150 bytes)
Event: 0.435 Thread 0x00000273f7991f20 nmethod 337 0x00000273e21e2310 code [0x00000273e21e24e0, 0x00000273e21e2a98]
Event: 0.435 Thread 0x00000273f7991f20  338       1       java.lang.invoke.MethodType::equals (56 bytes)
Event: 0.435 Thread 0x00000273f7991f20 nmethod 338 0x00000273e21e2d10 code [0x00000273e21e2ee0, 0x00000273e21e32b8]
Event: 0.435 Thread 0x00000273f7991f20  339       1       jdk.internal.org.objectweb.asm.ByteVector::putShort (52 bytes)
Event: 0.436 Thread 0x00000273f7991f20 nmethod 339 0x00000273e21e3410 code [0x00000273e21e35c0, 0x00000273e21e3748]
Event: 0.438 Thread 0x00000273f7991f20  341       1       jdk.internal.org.objectweb.asm.SymbolTable$Entry::<init> (17 bytes)
Event: 0.439 Thread 0x00000273f7991f20 nmethod 341 0x00000273e21e3b90 code [0x00000273e21e3d40, 0x00000273e21e3e68]
Event: 0.439 Thread 0x00000273f7991f20  343       1       jdk.internal.org.objectweb.asm.SymbolTable::hash (10 bytes)
Event: 0.439 Thread 0x00000273f7991f20 nmethod 343 0x00000273e21e3f10 code [0x00000273e21e40a0, 0x00000273e21e4168]
Event: 0.439 Thread 0x00000273f7991f20  342       1       jdk.internal.org.objectweb.asm.ByteVector::putByte (39 bytes)
Event: 0.439 Thread 0x00000273f7991f20 nmethod 342 0x00000273e21e4210 code [0x00000273e21e43c0, 0x00000273e21e4528]
Event: 0.439 Thread 0x00000273f7991f20  344       1       jdk.internal.org.objectweb.asm.SymbolTable::addConstantUtf8 (98 bytes)
Event: 0.440 Thread 0x00000273f7991f20 nmethod 344 0x00000273e21e4610 code [0x00000273e21e4800, 0x00000273e21e4b98]
Event: 0.440 Thread 0x00000273f7991f20  345       1       java.util.Arrays::equals (57 bytes)
Event: 0.440 Thread 0x00000273f7991f20 nmethod 345 0x00000273e21e4e90 code [0x00000273e21e5060, 0x00000273e21e52e8]
Event: 0.441 Thread 0x00000273f7991f20  346       1       java.lang.CharacterData::of (124 bytes)
Event: 0.441 Thread 0x00000273f7991f20 nmethod 346 0x00000273e21e5410 code [0x00000273e21e5640, 0x00000273e21e5d78]
Event: 0.446 Thread 0x00000273f7991f20  347       1       java.lang.invoke.MethodType$ConcurrentWeakInternSet::expungeStaleElements (27 bytes)
Event: 0.447 Thread 0x00000273f7991f20 nmethod 347 0x00000273e21e5f90 code [0x00000273e21e6140, 0x00000273e21e6378]

GC Heap History (0 events):
No events

Deoptimization events (0 events):
No events

Classes unloaded (0 events):
No events

Classes redefined (0 events):
No events

Internal exceptions (4 events):
Event: 0.420 Thread 0x00000273da2cc580 Exception <a 'java/lang/NoSuchMethodError'{0x00000000975692d0}: 'void java.lang.invoke.DirectMethodHandle$Holder.invokeSpecial(java.lang.Object, java.lang.Object, java.lang.Object)'> (0x00000000975692d0) 
thrown [t:\workspace\open\src\hotspot\share\interpreter\linkResolver.cpp, line 790]
Event: 0.424 Thread 0x00000273f877c4d0 Exception <a 'java/lang/NoSuchMethodError'{0x00000000975819f0}: 'java.lang.Object java.lang.invoke.DirectMethodHandle$Holder.invokeStatic(java.lang.Object)'> (0x00000000975819f0) 
thrown [t:\workspace\open\src\hotspot\share\interpreter\linkResolver.cpp, line 790]
Event: 0.425 Thread 0x00000273f877c4d0 Exception <a 'java/lang/NoSuchMethodError'{0x0000000097585140}: 'java.lang.Object java.lang.invoke.DirectMethodHandle$Holder.invokeStaticInit(java.lang.Object)'> (0x0000000097585140) 
thrown [t:\workspace\open\src\hotspot\share\interpreter\linkResolver.cpp, line 790]
Event: 0.438 Thread 0x00000273f877c4d0 Exception <a 'java/lang/NoSuchMethodError'{0x0000000097592510}: 'void java.lang.invoke.DirectMethodHandle$Holder.invokeStatic(java.lang.Object, java.lang.Object)'> (0x0000000097592510) 
thrown [t:\workspace\open\src\hotspot\share\interpreter\linkResolver.cpp, line 790]

Events (20 events):
Event: 0.441 loading class sun/net/spi/DefaultProxySelector$3 done
Event: 0.443 loading class sun/net/NetHooks
Event: 0.443 loading class sun/net/NetHooks done
Event: 0.443 loading class sun/nio/ch/NativeThread
Event: 0.443 loading class sun/nio/ch/NativeThread done
Event: 0.445 loading class java/net/Socket$SocketInputStream
Event: 0.446 loading class java/net/Socket$SocketInputStream done
Event: 0.446 loading class sun/nio/ch/NioSocketImpl$1
Event: 0.446 loading class sun/nio/ch/NioSocketImpl$1 done
Event: 0.447 loading class sun/nio/cs/US_ASCII$Decoder
Event: 0.447 loading class sun/nio/cs/US_ASCII$Decoder done
Event: 0.447 loading class sun/nio/ch/Util
Event: 0.448 loading class sun/nio/ch/Util done
Event: 0.448 loading class sun/nio/ch/Util$1
Event: 0.448 loading class sun/nio/ch/Util$1 done
Event: 0.448 loading class sun/nio/ch/Util$BufferCache
Event: 0.448 loading class sun/nio/ch/Util$BufferCache done
Event: 0.449 loading class java/nio/DirectByteBuffer$Deallocator
Event: 0.449 loading class java/nio/DirectByteBuffer$Deallocator done
Event: 0.457 loading class sun/net/InetAddressCachePolicy


Dynamic libraries:
0x00007ff74fdc0000 - 0x00007ff74fdd0000 	D:\Java\jdk-16.0.1\bin\java.exe
0x00007ffb52a70000 - 0x00007ffb52c65000 	C:\WINDOWS\SYSTEM32\ntdll.dll
0x00007ffb50f40000 - 0x00007ffb50ffe000 	C:\WINDOWS\System32\KERNEL32.DLL
0x00007ffb50600000 - 0x00007ffb508c8000 	C:\WINDOWS\System32\KERNELBASE.dll
0x00007ffb50500000 - 0x00007ffb50600000 	C:\WINDOWS\System32\ucrtbase.dll
0x00007ffb4b510000 - 0x00007ffb4b529000 	D:\Java\jdk-16.0.1\bin\VCRUNTIME140.dll
0x00007ffb4b4f0000 - 0x00007ffb4b508000 	D:\Java\jdk-16.0.1\bin\jli.dll
0x00007ffb51d10000 - 0x00007ffb51dbe000 	C:\WINDOWS\System32\ADVAPI32.dll
0x00007ffb52780000 - 0x00007ffb5281e000 	C:\WINDOWS\System32\msvcrt.dll
0x00007ffb52930000 - 0x00007ffb529cc000 	C:\WINDOWS\System32\sechost.dll
0x00007ffb51000000 - 0x00007ffb51125000 	C:\WINDOWS\System32\RPCRT4.dll
0x00007ffb519c0000 - 0x00007ffb51b60000 	C:\WINDOWS\System32\USER32.dll
0x00007ffb455c0000 - 0x00007ffb4585a000 	C:\WINDOWS\WinSxS\amd64_microsoft.windows.common-controls_6595b64144ccf1df_6.0.19041.1110_none_60b5254171f9507e\COMCTL32.dll
0x00007ffb502e0000 - 0x00007ffb50302000 	C:\WINDOWS\System32\win32u.dll
0x00007ffb51dc0000 - 0x00007ffb51dea000 	C:\WINDOWS\System32\GDI32.dll
0x00007ffb503f0000 - 0x00007ffb504fb000 	C:\WINDOWS\System32\gdi32full.dll
0x00007ffb508d0000 - 0x00007ffb5096d000 	C:\WINDOWS\System32\msvcp_win.dll
0x00007ffb48760000 - 0x00007ffb4876a000 	C:\WINDOWS\SYSTEM32\VERSION.dll
0x00007ffb51f20000 - 0x00007ffb51f50000 	C:\WINDOWS\System32\IMM32.DLL
0x00007ffb4b4e0000 - 0x00007ffb4b4ec000 	D:\Java\jdk-16.0.1\bin\vcruntime140_1.dll
0x00007ffb4ac10000 - 0x00007ffb4aca1000 	D:\Java\jdk-16.0.1\bin\msvcp140.dll
0x00007ffb12e30000 - 0x00007ffb139db000 	D:\Java\jdk-16.0.1\bin\server\jvm.dll
0x00007ffb51b60000 - 0x00007ffb51b68000 	C:\WINDOWS\System32\PSAPI.DLL
0x00007ffb334b0000 - 0x00007ffb334d7000 	C:\WINDOWS\SYSTEM32\WINMM.dll
0x00007ffb2efb0000 - 0x00007ffb2efb9000 	C:\WINDOWS\SYSTEM32\WSOCK32.dll
0x00007ffb51b70000 - 0x00007ffb51bdb000 	C:\WINDOWS\System32\WS2_32.dll
0x00007ffb4e0b0000 - 0x00007ffb4e0c2000 	C:\WINDOWS\SYSTEM32\kernel.appcore.dll
0x00007ffb4b430000 - 0x00007ffb4b43a000 	D:\Java\jdk-16.0.1\bin\jimage.dll
0x00007ffb47c90000 - 0x00007ffb47e74000 	C:\WINDOWS\SYSTEM32\DBGHELP.DLL
0x00007ffb47850000 - 0x00007ffb4787c000 	C:\WINDOWS\SYSTEM32\dbgcore.DLL
0x00007ffb50360000 - 0x00007ffb503e2000 	C:\WINDOWS\System32\bcryptPrimitives.dll
0x00007ffb4b3a0000 - 0x00007ffb4b3ae000 	D:\Java\jdk-16.0.1\bin\instrument.dll
0x00007ffb4adb0000 - 0x00007ffb4add5000 	D:\Java\jdk-16.0.1\bin\java.dll
0x00007ffb51f50000 - 0x00007ffb52694000 	C:\WINDOWS\System32\SHELL32.dll
0x00007ffb4e2b0000 - 0x00007ffb4ea44000 	C:\WINDOWS\SYSTEM32\windows.storage.dll
0x00007ffb51480000 - 0x00007ffb517d4000 	C:\WINDOWS\System32\combase.dll
0x00007ffb4fb30000 - 0x00007ffb4fb5c000 	C:\WINDOWS\SYSTEM32\Wldp.dll
0x00007ffb51df0000 - 0x00007ffb51e9d000 	C:\WINDOWS\System32\SHCORE.dll
0x00007ffb51870000 - 0x00007ffb518c5000 	C:\WINDOWS\System32\shlwapi.dll
0x00007ffb500d0000 - 0x00007ffb500ef000 	C:\WINDOWS\SYSTEM32\profapi.dll
0x00007ffb4ad00000 - 0x00007ffb4ad18000 	D:\Java\jdk-16.0.1\bin\zip.dll
0x00007ffb4ad90000 - 0x00007ffb4ada9000 	D:\Java\jdk-16.0.1\bin\net.dll
0x00007ffb47900000 - 0x00007ffb47a0a000 	C:\WINDOWS\SYSTEM32\WINHTTP.dll
0x00007ffb4f890000 - 0x00007ffb4f8fa000 	C:\WINDOWS\system32\mswsock.dll
0x00007ffb4ad20000 - 0x00007ffb4ad33000 	D:\Java\jdk-16.0.1\bin\nio.dll
0x00007ffb4a1d0000 - 0x00007ffb4a1ea000 	D:\JetBrains\IntelliJ IDEA 2021.1.2\bin\breakgen64.dll
0x00007ffb4f5c0000 - 0x00007ffb4f68b000 	C:\WINDOWS\SYSTEM32\DNSAPI.dll
0x00007ffb4f580000 - 0x00007ffb4f5bb000 	C:\WINDOWS\SYSTEM32\IPHLPAPI.DLL
0x00007ffb51470000 - 0x00007ffb51478000 	C:\WINDOWS\System32\NSI.dll
0x00007ffb48720000 - 0x00007ffb4872a000 	C:\Windows\System32\rasadhlp.dll
0x00007ffb471b0000 - 0x00007ffb4722f000 	C:\WINDOWS\System32\fwpuclnt.dll
0x00007ffb502b0000 - 0x00007ffb502d7000 	C:\WINDOWS\System32\bcrypt.dll

dbghelp: loaded successfully - version: 4.0.5 - missing functions: none
symbol engine: initialized successfully - sym options: 0x614 - pdb path: .;D:\Java\jdk-16.0.1\bin;C:\WINDOWS\SYSTEM32;C:\WINDOWS\WinSxS\amd64_microsoft.windows.common-controls_6595b64144ccf1df_6.0.19041.1110_none_60b5254171f9507e;D:\Java\jdk-16.0.1\bin\server;D:\JetBrains\IntelliJ IDEA 2021.1.2\bin

VM Arguments:
jvm_args: -XX:TieredStopAtLevel=1 -Xverify:none -Dspring.output.ansi.enabled=always -javaagent:D:\JetBrains\IntelliJ IDEA 2021.1.2\lib\idea_rt.jar=55168:D:\JetBrains\IntelliJ IDEA 2021.1.2\bin -Dcom.sun.management.jmxremote -Dspring.jmx.enabled=true -Dspring.liveBeansView.mbeanDomain -Dspring.application.admin.enabled=true -Dfile.encoding=UTF-8 
java_command: com.example.projectmrsisa.ProjectMrsIsaApplication
java_class_path (initial): D:\Isa-Mrs\ISA-MRS-Project\SpringProject\target\classes;C:\Users\Matija\.m2\repository\org\springframework\boot\spring-boot-starter-web\2.6.6\spring-boot-starter-web-2.6.6.jar;C:\Users\Matija\.m2\repository\org\springframework\boot\spring-boot-starter\2.6.6\spring-boot-starter-2.6.6.jar;C:\Users\Matija\.m2\repository\org\springframework\boot\spring-boot-starter-logging\2.6.6\spring-boot-starter-logging-2.6.6.jar;C:\Users\Matija\.m2\repository\ch\qos\logback\logback-classic\1.2.11\logback-classic-1.2.11.jar;C:\Users\Matija\.m2\repository\ch\qos\logback\logback-core\1.2.11\logback-core-1.2.11.jar;C:\Users\Matija\.m2\repository\org\apache\logging\log4j\log4j-to-slf4j\2.17.2\log4j-to-slf4j-2.17.2.jar;C:\Users\Matija\.m2\repository\org\apache\logging\log4j\log4j-api\2.17.2\log4j-api-2.17.2.jar;C:\Users\Matija\.m2\repository\org\slf4j\jul-to-slf4j\1.7.36\jul-to-slf4j-1.7.36.jar;C:\Users\Matija\.m2\repository\org\yaml\snakeyaml\1.29\snakeyaml-1.29.jar;C:\Users\Matija\.m2\repository\org\springframework\boot\spring-boot-starter-json\2.6.6\spring-boot-starter-json-2.6.6.jar;C:\Users\Matija\.m2\repository\com\fasterxml\jackson\datatype\jackson-datatype-jdk8\2.13.2\jackson-datatype-jdk8-2.13.2.jar;C:\Users\Matija\.m2\repository\com\fasterxml\jackson\datatype\jackson-datatype-jsr310\2.13.2\jackson-datatype-jsr310-2.13.2.jar;C:\Users\Matija\.m2\repository\com\fasterxml\jackson\module\jackson-module-parameter-names\2.13.2\jackson-module-parameter-names-2.13.2.jar;C:\Users\Matija\.m2\repository\org\springframework\spring-web\5.3.18\spring-web-5.3.18.jar;C:\Users\Matija\.m2\repository\org\springframework\spring-beans\5.3.18\spring-beans-5.3.18.jar;C:\Users\Matija\.m2\repository\org\springframework\spring-webmvc\5.3.18\spring-webmvc-5.3.18.jar;C:\Users\Matija\.m2\repository\org\springframework\spring-context\5.3.18\spring-context-5.3.18.jar;C:\Users\Matija\.m2\repository\org\springframework\spring-expression\5.3.18\spring-expression-5.3.18.jar;C:\Users\Ma
Launcher Type: SUN_STANDARD

[Global flags]
     intx CICompilerCount                          = 4                                         {product} {ergonomic}
     uint ConcGCThreads                            = 2                                         {product} {ergonomic}
     uint G1ConcRefinementThreads                  = 8                                         {product} {ergonomic}
   size_t G1HeapRegionSize                         = 1048576                                   {product} {ergonomic}
    uintx GCDrainStackTargetSize                   = 64                                        {product} {ergonomic}
   size_t InitialHeapSize                          = 117440512                                 {product} {ergonomic}
     bool ManagementServer                         = true                                      {product} {command line}
   size_t MarkStackSize                            = 4194304                                   {product} {ergonomic}
   size_t MaxHeapSize                              = 1866465280                                {product} {ergonomic}
   size_t MaxNewSize                               = 1119879168                                {product} {ergonomic}
   size_t MinHeapDeltaBytes                        = 1048576                                   {product} {ergonomic}
   size_t MinHeapSize                              = 8388608                                   {product} {ergonomic}
    uintx NonNMethodCodeHeapSize                   = 7549744                                {pd product} {ergonomic}
    uintx NonProfiledCodeHeapSize                  = 244108496                              {pd product} {ergonomic}
    uintx ProfiledCodeHeapSize                     = 0                                      {pd product} {ergonomic}
    uintx ReservedCodeCacheSize                    = 251658240                              {pd product} {ergonomic}
     bool SegmentedCodeCache                       = true                                      {product} {ergonomic}
   size_t SoftMaxHeapSize                          = 1866465280                             {manageable} {ergonomic}
     intx TieredStopAtLevel                        = 1                                         {product} {command line}
     bool UseCompressedClassPointers               = true                           {product lp64_product} {ergonomic}
     bool UseCompressedOops                        = true                           {product lp64_product} {ergonomic}
     bool UseG1GC                                  = true                                      {product} {ergonomic}
     bool UseLargePagesIndividualAllocation        = false                                  {pd product} {ergonomic}

Logging:
Log output configuration:
 #0: stdout all=warning uptime,level,tags
 #1: stderr all=off uptime,level,tags

Environment Variables:
PATH=C:\Program Files\Common Files\Oracle\Java\javapath;D:\oraclexe\app\oracle\product\11.2.0\server\bin;;C:\Program Files (x86)\Common Files\Oracle\Java\javapath;C:\WINDOWS\system32;C:\WINDOWS;C:\WINDOWS\System32\Wbem;C:\WINDOWS\System32\WindowsPowerShell\v1.0\;C:\WINDOWS\System32\OpenSSH\;C:\Program Files\Intel\WiFi\bin\;C:\Program Files\Common Files\Intel\WirelessCommon\;C:\Program Files\Java\jdk-13.0.2\bin;C:\Program Files\Git\cmd;C:\Program Files\Microsoft SQL Server\130\Tools\Binn\;D:\Polyspace\R2020a\bin;C:\Program Files (x86)\AMD APP SDK\3.0\bin\x86_64;C:\Program Files (x86)\AMD APP SDK\3.0\bin\x86;C:\Program Files\nodejs\;C:\Users\Matija\AppData\Local\Programs\Python\Python38\Scripts\;C:\Users\Matija\AppData\Local\Programs\Python\Python38\;C:\Users\Matija\AppData\Local\Microsoft\WindowsApps;C:\Users\Matija\AppData\Local\Programs\Microsoft VS Code\bin;C:\Python\Python38-32\;C:\Python\Python38-32\Scripts\;C:\Users\Matija\AppData\Roaming\npm
USERNAME=Matija
OS=Windows_NT
PROCESSOR_IDENTIFIER=AMD64 Family 23 Model 17 Stepping 0, AuthenticAMD



---------------  S Y S T E M  ---------------

OS:
 Windows 10 , 64 bit Build 19041 (10.0.19041.1645)
OS uptime: 0 days 0:28 hours

CPU: total 8 (initial active 8) (8 cores per cpu, 2 threads per core) family 23 model 17 stepping 0 microcode 0x0, cx8, cmov, fxsr, ht, mmx, 3dnowpref, sse, sse2, sse3, ssse3, sse4a, sse4.1, sse4.2, popcnt, lzcnt, tsc, tscinvbit, avx, avx2, aes, clmul, bmi1, bmi2, adx, sha, fma, vzeroupper, clflush, clflushopt

Memory: 4k page, system-wide physical 7113M (1049M free)
TotalPageFile size 8898M (AvailPageFile size 246M)
current process WorkingSet (physical memory assigned to process): 38M, peak: 38M
current process commit charge ("private bytes"): 193M, peak: 193M

vm_info: Java HotSpot(TM) 64-Bit Server VM (16.0.1+9-24) for windows-amd64 JRE (16.0.1+9-24), built on Mar 26 2021 19:31:42 by "mach5one" with MS VC++ 16.7 (VS2019)

END.
